<?xml version="1.0" encoding="UTF-8"?>
<testng-results ignored="0" total="1" passed="1" failed="0" skipped="0">
  <reporter-output>
  </reporter-output>
  <suite started-at="2022-02-25T08:49:52 IST" name="Default suite" finished-at="2022-02-25T08:49:57 IST" duration-ms="5458">
    <groups>
    </groups>
    <test started-at="2022-02-25T08:49:52 IST" name="Default test" finished-at="2022-02-25T08:49:57 IST" duration-ms="5458">
      <class name="Assignment3.ScreenShot">
        <test-method is-config="true" signature="beforeClass()[pri:0, instance:Assignment3.ScreenShot@4b520ea8]" started-at="2022-02-25T08:49:52 IST" name="beforeClass" finished-at="2022-02-25T08:49:57 IST" duration-ms="5132" status="PASS">
          <reporter-output>
          </reporter-output>
        </test-method> <!-- beforeClass -->
        <test-method signature="f()[pri:0, instance:Assignment3.ScreenShot@4b520ea8]" started-at="2022-02-25T08:49:57 IST" name="f" finished-at="2022-02-25T08:49:57 IST" duration-ms="232" status="PASS">
          <reporter-output>
          </reporter-output>
        </test-method> <!-- f -->
        <test-method is-config="true" signature="afterClass()[pri:0, instance:Assignment3.ScreenShot@4b520ea8]" started-at="2022-02-25T08:49:57 IST" name="afterClass" finished-at="2022-02-25T08:49:57 IST" duration-ms="4" status="PASS">
          <reporter-output>
          </reporter-output>
        </test-method> <!-- afterClass -->
      </class> <!-- Assignment3.ScreenShot -->
    </test> <!-- Default test -->
  </suite> <!-- Default suite -->
</testng-results>
